<?xml version="1.0" encoding="UTF-8"?>
<coverage generated="1696975111362" clover="3.2.0">
  <project timestamp="1696975111362" name="All files">
    <metrics statements="47" coveredstatements="26" conditionals="14" coveredconditionals="2" methods="6" coveredmethods="4" elements="67" coveredelements="32" complexity="0" loc="47" ncloc="47" packages="4" files="6" classes="6"/>
    <package name="commons">
      <metrics statements="8" coveredstatements="8" conditionals="2" coveredconditionals="1" methods="0" coveredmethods="0"/>
      <file name="constants.mjs" path="/Users/hanaoka/Library/Mobile Documents/com~apple~CloudDocs/UAO/7 SEMESTRE /Ing Software 2/CORTE 2/API-DOCKER/src/commons/constants.mjs">
        <metrics statements="5" coveredstatements="5" conditionals="0" coveredconditionals="0" methods="0" coveredmethods="0"/>
        <line num="1" count="1" type="stmt"/>
        <line num="2" count="1" type="stmt"/>
        <line num="3" count="1" type="stmt"/>
        <line num="5" count="1" type="stmt"/>
        <line num="7" count="1" type="stmt"/>
      </file>
      <file name="env.mjs" path="/Users/hanaoka/Library/Mobile Documents/com~apple~CloudDocs/UAO/7 SEMESTRE /Ing Software 2/CORTE 2/API-DOCKER/src/commons/env.mjs">
        <metrics statements="3" coveredstatements="3" conditionals="2" coveredconditionals="1" methods="0" coveredmethods="0"/>
        <line num="3" count="1" type="stmt"/>
        <line num="5" count="1" type="cond" truecount="1" falsecount="1"/>
        <line num="8" count="1" type="stmt"/>
      </file>
    </package>
    <package name="models">
      <metrics statements="2" coveredstatements="2" conditionals="0" coveredconditionals="0" methods="0" coveredmethods="0"/>
      <file name="Process.mjs" path="/Users/hanaoka/Library/Mobile Documents/com~apple~CloudDocs/UAO/7 SEMESTRE /Ing Software 2/CORTE 2/API-DOCKER/src/models/Process.mjs">
        <metrics statements="2" coveredstatements="2" conditionals="0" coveredconditionals="0" methods="0" coveredmethods="0"/>
        <line num="4" count="1" type="stmt"/>
        <line num="15" count="1" type="stmt"/>
      </file>
    </package>
    <package name="repositories">
      <metrics statements="4" coveredstatements="3" conditionals="0" coveredconditionals="0" methods="1" coveredmethods="1"/>
      <file name="ProcessRepository.mjs" path="/Users/hanaoka/Library/Mobile Documents/com~apple~CloudDocs/UAO/7 SEMESTRE /Ing Software 2/CORTE 2/API-DOCKER/src/repositories/ProcessRepository.mjs">
        <metrics statements="4" coveredstatements="3" conditionals="0" coveredconditionals="0" methods="1" coveredmethods="1"/>
        <line num="6" count="1" type="stmt"/>
        <line num="7" count="1" type="stmt"/>
        <line num="8" count="1" type="stmt"/>
        <line num="9" count="0" type="stmt"/>
      </file>
    </package>
    <package name="services">
      <metrics statements="33" coveredstatements="13" conditionals="12" coveredconditionals="1" methods="5" coveredmethods="3"/>
      <file name="MinioService.mjs" path="/Users/hanaoka/Library/Mobile Documents/com~apple~CloudDocs/UAO/7 SEMESTRE /Ing Software 2/CORTE 2/API-DOCKER/src/services/MinioService.mjs">
        <metrics statements="19" coveredstatements="3" conditionals="12" coveredconditionals="1" methods="2" coveredmethods="1"/>
        <line num="8" count="1" type="stmt"/>
        <line num="11" count="1" type="cond" truecount="1" falsecount="1"/>
        <line num="12" count="1" type="stmt"/>
        <line num="25" count="0" type="stmt"/>
        <line num="26" count="0" type="cond" truecount="0" falsecount="2"/>
        <line num="27" count="0" type="stmt"/>
        <line num="29" count="0" type="cond" truecount="0" falsecount="2"/>
        <line num="30" count="0" type="stmt"/>
        <line num="32" count="0" type="cond" truecount="0" falsecount="2"/>
        <line num="33" count="0" type="stmt"/>
        <line num="35" count="0" type="stmt"/>
        <line num="36" count="0" type="stmt"/>
        <line num="38" count="0" type="cond" truecount="0" falsecount="2"/>
        <line num="39" count="0" type="stmt"/>
        <line num="41" count="0" type="stmt"/>
        <line num="42" count="0" type="stmt"/>
        <line num="44" count="0" type="stmt"/>
        <line num="49" count="0" type="stmt"/>
        <line num="51" count="0" type="cond" truecount="0" falsecount="2"/>
      </file>
      <file name="ProcessService.mjs" path="/Users/hanaoka/Library/Mobile Documents/com~apple~CloudDocs/UAO/7 SEMESTRE /Ing Software 2/CORTE 2/API-DOCKER/src/services/ProcessService.mjs">
        <metrics statements="14" coveredstatements="10" conditionals="0" coveredconditionals="0" methods="3" coveredmethods="2"/>
        <line num="6" count="1" type="stmt"/>
        <line num="8" count="1" type="stmt"/>
        <line num="10" count="1" type="stmt"/>
        <line num="17" count="1" type="stmt"/>
        <line num="18" count="1" type="stmt"/>
        <line num="22" count="4" type="stmt"/>
        <line num="23" count="4" type="stmt"/>
        <line num="25" count="3" type="stmt"/>
        <line num="27" count="1" type="stmt"/>
        <line num="29" count="1" type="stmt"/>
        <line num="31" count="0" type="stmt"/>
        <line num="33" count="0" type="stmt"/>
        <line num="35" count="0" type="stmt"/>
        <line num="37" count="0" type="stmt"/>
      </file>
    </package>
  </project>
</coverage>
