{"/Users/hanaoka/Library/Mobile Documents/com~apple~CloudDocs/UAO/7 SEMESTRE /Ing Software 2/CORTE 2/API-DOCKER/src/commons/constants.mjs": {"path":"/Users/hanaoka/Library/Mobile Documents/com~apple~CloudDocs/UAO/7 SEMESTRE /Ing Software 2/CORTE 2/API-DOCKER/src/commons/constants.mjs","statementMap":{"0":{"start":{"line":1,"column":32},"end":{"line":1,"column":43}},"1":{"start":{"line":2,"column":27},"end":{"line":2,"column":33}},"2":{"start":{"line":3,"column":31},"end":{"line":3,"column":41}},"3":{"start":{"line":5,"column":31},"end":{"line":5,"column":79}},"4":{"start":{"line":7,"column":27},"end":{"line":7,"column":35}}},"fnMap":{},"branchMap":{},"s":{"0":1,"1":1,"2":1,"3":1,"4":1},"f":{},"b":{},"inputSourceMap":null,"_coverageSchema":"1a1c01bbd47fc00a2c39e90264f33305004495a9","hash":"b71d1b9765606d59650357efa233f2776be244ce"}
,"/Users/hanaoka/Library/Mobile Documents/com~apple~CloudDocs/UAO/7 SEMESTRE /Ing Software 2/CORTE 2/API-DOCKER/src/commons/env.mjs": {"path":"/Users/hanaoka/Library/Mobile Documents/com~apple~CloudDocs/UAO/7 SEMESTRE /Ing Software 2/CORTE 2/API-DOCKER/src/commons/env.mjs","statementMap":{"0":{"start":{"line":3,"column":0},"end":{"line":3,"column":16}},"1":{"start":{"line":5,"column":20},"end":{"line":5,"column":44}},"2":{"start":{"line":8,"column":4},"end":{"line":8,"column":15}}},"fnMap":{},"branchMap":{"0":{"loc":{"start":{"line":5,"column":20},"end":{"line":5,"column":44}},"type":"binary-expr","locations":[{"start":{"line":5,"column":20},"end":{"line":5,"column":36}},{"start":{"line":5,"column":40},"end":{"line":5,"column":44}}],"line":5}},"s":{"0":1,"1":1,"2":1},"f":{},"b":{"0":[1,0]},"inputSourceMap":null,"_coverageSchema":"1a1c01bbd47fc00a2c39e90264f33305004495a9","hash":"b3f9dcdf6f7526113a13631306dbad89993351fa"}
,"/Users/hanaoka/Library/Mobile Documents/com~apple~CloudDocs/UAO/7 SEMESTRE /Ing Software 2/CORTE 2/API-DOCKER/src/models/Process.mjs": {"path":"/Users/hanaoka/Library/Mobile Documents/com~apple~CloudDocs/UAO/7 SEMESTRE /Ing Software 2/CORTE 2/API-DOCKER/src/models/Process.mjs","statementMap":{"0":{"start":{"line":4,"column":22},"end":{"line":14,"column":24}},"1":{"start":{"line":15,"column":21},"end":{"line":15,"column":52}}},"fnMap":{},"branchMap":{},"s":{"0":1,"1":1},"f":{},"b":{},"inputSourceMap":null,"_coverageSchema":"1a1c01bbd47fc00a2c39e90264f33305004495a9","hash":"216065c9bee9bd6dd09358e997627e85474f975e"}
,"/Users/hanaoka/Library/Mobile Documents/com~apple~CloudDocs/UAO/7 SEMESTRE /Ing Software 2/CORTE 2/API-DOCKER/src/repositories/ProcessRepository.mjs": {"path":"/Users/hanaoka/Library/Mobile Documents/com~apple~CloudDocs/UAO/7 SEMESTRE /Ing Software 2/CORTE 2/API-DOCKER/src/repositories/ProcessRepository.mjs","statementMap":{"0":{"start":{"line":6,"column":23},"end":{"line":6,"column":41}},"1":{"start":{"line":7,"column":4},"end":{"line":7,"column":41}},"2":{"start":{"line":8,"column":4},"end":{"line":8,"column":28}},"3":{"start":{"line":9,"column":4},"end":{"line":9,"column":22}}},"fnMap":{"0":{"name":"(anonymous_0)","decl":{"start":{"line":5,"column":2},"end":{"line":5,"column":3}},"loc":{"start":{"line":5,"column":22},"end":{"line":10,"column":3}},"line":5}},"branchMap":{},"s":{"0":1,"1":1,"2":1,"3":0},"f":{"0":1},"b":{},"inputSourceMap":null,"_coverageSchema":"1a1c01bbd47fc00a2c39e90264f33305004495a9","hash":"71a3577a5ba50b365aaceb7966b5461f4214f272"}
,"/Users/hanaoka/Library/Mobile Documents/com~apple~CloudDocs/UAO/7 SEMESTRE /Ing Software 2/CORTE 2/API-DOCKER/src/services/MinioService.mjs": {"path":"/Users/hanaoka/Library/Mobile Documents/com~apple~CloudDocs/UAO/7 SEMESTRE /Ing Software 2/CORTE 2/API-DOCKER/src/services/MinioService.mjs","statementMap":{"0":{"start":{"line":8,"column":9},"end":{"line":8,"column":13}},"1":{"start":{"line":11,"column":4},"end":{"line":21,"column":5}},"2":{"start":{"line":12,"column":6},"end":{"line":20,"column":9}},"3":{"start":{"line":25,"column":4},"end":{"line":52,"column":5}},"4":{"start":{"line":26,"column":6},"end":{"line":28,"column":7}},"5":{"start":{"line":27,"column":8},"end":{"line":27,"column":48}},"6":{"start":{"line":29,"column":6},"end":{"line":31,"column":7}},"7":{"start":{"line":30,"column":8},"end":{"line":30,"column":61}},"8":{"start":{"line":32,"column":6},"end":{"line":34,"column":7}},"9":{"start":{"line":33,"column":8},"end":{"line":33,"column":55}},"10":{"start":{"line":35,"column":39},"end":{"line":35,"column":44}},"11":{"start":{"line":36,"column":32},"end":{"line":36,"column":55}},"12":{"start":{"line":38,"column":6},"end":{"line":40,"column":7}},"13":{"start":{"line":39,"column":8},"end":{"line":39,"column":60}},"14":{"start":{"line":41,"column":24},"end":{"line":41,"column":44}},"15":{"start":{"line":42,"column":23},"end":{"line":42,"column":45}},"16":{"start":{"line":44,"column":6},"end":{"line":48,"column":10}},"17":{"start":{"line":49,"column":6},"end":{"line":49,"column":22}},"18":{"start":{"line":51,"column":6},"end":{"line":51,"column":84}}},"fnMap":{"0":{"name":"(anonymous_0)","decl":{"start":{"line":10,"column":2},"end":{"line":10,"column":3}},"loc":{"start":{"line":10,"column":16},"end":{"line":22,"column":3}},"line":10},"1":{"name":"(anonymous_1)","decl":{"start":{"line":24,"column":2},"end":{"line":24,"column":3}},"loc":{"start":{"line":24,"column":25},"end":{"line":53,"column":3}},"line":24}},"branchMap":{"0":{"loc":{"start":{"line":11,"column":4},"end":{"line":21,"column":5}},"type":"if","locations":[{"start":{"line":11,"column":4},"end":{"line":21,"column":5}},{"start":{},"end":{}}],"line":11},"1":{"loc":{"start":{"line":26,"column":6},"end":{"line":28,"column":7}},"type":"if","locations":[{"start":{"line":26,"column":6},"end":{"line":28,"column":7}},{"start":{},"end":{}}],"line":26},"2":{"loc":{"start":{"line":29,"column":6},"end":{"line":31,"column":7}},"type":"if","locations":[{"start":{"line":29,"column":6},"end":{"line":31,"column":7}},{"start":{},"end":{}}],"line":29},"3":{"loc":{"start":{"line":32,"column":6},"end":{"line":34,"column":7}},"type":"if","locations":[{"start":{"line":32,"column":6},"end":{"line":34,"column":7}},{"start":{},"end":{}}],"line":32},"4":{"loc":{"start":{"line":38,"column":6},"end":{"line":40,"column":7}},"type":"if","locations":[{"start":{"line":38,"column":6},"end":{"line":40,"column":7}},{"start":{},"end":{}}],"line":38},"5":{"loc":{"start":{"line":51,"column":12},"end":{"line":51,"column":83}},"type":"cond-expr","locations":[{"start":{"line":51,"column":33},"end":{"line":51,"column":38}},{"start":{"line":51,"column":41},"end":{"line":51,"column":83}}],"line":51}},"s":{"0":1,"1":1,"2":1,"3":0,"4":0,"5":0,"6":0,"7":0,"8":0,"9":0,"10":0,"11":0,"12":0,"13":0,"14":0,"15":0,"16":0,"17":0,"18":0},"f":{"0":1,"1":0},"b":{"0":[1,0],"1":[0,0],"2":[0,0],"3":[0,0],"4":[0,0],"5":[0,0]},"inputSourceMap":null,"_coverageSchema":"1a1c01bbd47fc00a2c39e90264f33305004495a9","hash":"dfe0b7e493bdda3373e438042027ee79edcbadfa"}
,"/Users/hanaoka/Library/Mobile Documents/com~apple~CloudDocs/UAO/7 SEMESTRE /Ing Software 2/CORTE 2/API-DOCKER/src/services/ProcessService.mjs": {"path":"/Users/hanaoka/Library/Mobile Documents/com~apple~CloudDocs/UAO/7 SEMESTRE /Ing Software 2/CORTE 2/API-DOCKER/src/services/ProcessService.mjs","statementMap":{"0":{"start":{"line":6,"column":22},"end":{"line":6,"column":26}},"1":{"start":{"line":8,"column":17},"end":{"line":8,"column":21}},"2":{"start":{"line":10,"column":22},"end":{"line":14,"column":15}},"3":{"start":{"line":17,"column":4},"end":{"line":17,"column":47}},"4":{"start":{"line":18,"column":4},"end":{"line":18,"column":37}},"5":{"start":{"line":22,"column":4},"end":{"line":26,"column":5}},"6":{"start":{"line":23,"column":6},"end":{"line":23,"column":58}},"7":{"start":{"line":25,"column":6},"end":{"line":25,"column":51}},"8":{"start":{"line":27,"column":32},"end":{"line":27,"column":39}},"9":{"start":{"line":29,"column":20},"end":{"line":29,"column":66}},"10":{"start":{"line":31,"column":27},"end":{"line":31,"column":84}},"11":{"start":{"line":31,"column":49},"end":{"line":31,"column":83}},"12":{"start":{"line":33,"column":24},"end":{"line":33,"column":57}},"13":{"start":{"line":35,"column":4},"end":{"line":35,"column":29}},"14":{"start":{"line":37,"column":4},"end":{"line":37,"column":19}}},"fnMap":{"0":{"name":"(anonymous_0)","decl":{"start":{"line":16,"column":2},"end":{"line":16,"column":3}},"loc":{"start":{"line":16,"column":51},"end":{"line":19,"column":3}},"line":16},"1":{"name":"(anonymous_1)","decl":{"start":{"line":21,"column":2},"end":{"line":21,"column":3}},"loc":{"start":{"line":21,"column":30},"end":{"line":38,"column":3}},"line":21},"2":{"name":"(anonymous_2)","decl":{"start":{"line":31,"column":38},"end":{"line":31,"column":39}},"loc":{"start":{"line":31,"column":49},"end":{"line":31,"column":83}},"line":31}},"branchMap":{},"s":{"0":1,"1":1,"2":1,"3":1,"4":1,"5":4,"6":4,"7":3,"8":1,"9":1,"10":0,"11":0,"12":0,"13":0,"14":0},"f":{"0":1,"1":4,"2":0},"b":{},"inputSourceMap":null,"_coverageSchema":"1a1c01bbd47fc00a2c39e90264f33305004495a9","hash":"dc4ec55f7b5f062646a60ad9a3d6337ecd55e6b7"}
}
