TN:
SF:src/commons/constants.mjs
FNF:0
FNH:0
DA:1,1
DA:2,1
DA:3,1
DA:5,1
DA:7,1
LF:5
LH:5
BRF:0
BRH:0
end_of_record
TN:
SF:src/commons/env.mjs
FNF:0
FNH:0
DA:3,1
DA:5,1
DA:8,1
LF:3
LH:3
BRDA:5,0,0,1
BRDA:5,0,1,0
BRF:2
BRH:1
end_of_record
TN:
SF:src/models/Process.mjs
FNF:0
FNH:0
DA:4,1
DA:15,1
LF:2
LH:2
BRF:0
BRH:0
end_of_record
TN:
SF:src/repositories/ProcessRepository.mjs
FN:5,(anonymous_0)
FNF:1
FNH:1
FNDA:1,(anonymous_0)
DA:6,1
DA:7,1
DA:8,1
DA:9,0
LF:4
LH:3
BRF:0
BRH:0
end_of_record
TN:
SF:src/services/MinioService.mjs
FN:10,(anonymous_0)
FN:24,(anonymous_1)
FNF:2
FNH:1
FNDA:1,(anonymous_0)
FNDA:0,(anonymous_1)
DA:8,1
DA:11,1
DA:12,1
DA:25,0
DA:26,0
DA:27,0
DA:29,0
DA:30,0
DA:32,0
DA:33,0
DA:35,0
DA:36,0
DA:38,0
DA:39,0
DA:41,0
DA:42,0
DA:44,0
DA:49,0
DA:51,0
LF:19
LH:3
BRDA:11,0,0,1
BRDA:11,0,1,0
BRDA:26,1,0,0
BRDA:26,1,1,0
BRDA:29,2,0,0
BRDA:29,2,1,0
BRDA:32,3,0,0
BRDA:32,3,1,0
BRDA:38,4,0,0
BRDA:38,4,1,0
BRDA:51,5,0,0
BRDA:51,5,1,0
BRF:12
BRH:1
end_of_record
TN:
SF:src/services/ProcessService.mjs
FN:16,(anonymous_0)
FN:21,(anonymous_1)
FN:31,(anonymous_2)
FNF:3
FNH:2
FNDA:1,(anonymous_0)
FNDA:4,(anonymous_1)
FNDA:0,(anonymous_2)
DA:6,1
DA:8,1
DA:10,1
DA:17,1
DA:18,1
DA:22,4
DA:23,4
DA:25,3
DA:27,1
DA:29,1
DA:31,0
DA:33,0
DA:35,0
DA:37,0
LF:14
LH:10
BRF:0
BRH:0
end_of_record
